2021-05-25 10:25:34.660135 PDT | [gher-pointreacherobs-SAC-100e-20s-disc0.97-horizon20_2021_05_25_10_24_59_0000--s-10] Epoch 0 finished
---------------------------------------------------  ---------------
replay_buffer/size                                   1100
trainer/QF1 Loss                                        0.576872
trainer/QF2 Loss                                        0.57548
trainer/Policy Loss                                    -1.37884
trainer/Q1 Predictions Mean                            -0.00126527
trainer/Q1 Predictions Std                              0.000605492
trainer/Q1 Predictions Max                              0.000269961
trainer/Q1 Predictions Min                             -0.00227255
trainer/Q2 Predictions Mean                            -4.35855e-06
trainer/Q2 Predictions Std                              0.000609121
trainer/Q2 Predictions Max                              0.00133012
trainer/Q2 Predictions Min                             -0.00163013
trainer/Q Targets Mean                                  0.514032
trainer/Q Targets Std                                   0.557929
trainer/Q Targets Max                                   1.83678
trainer/Q Targets Min                                  -1.35869
trainer/Log Pis Mean                                   -1.38018
trainer/Log Pis Std                                     0.289063
trainer/Log Pis Max                                    -0.577882
trainer/Log Pis Min                                    -2.60453
trainer/Policy mu Mean                                  0.000988936
trainer/Policy mu Std                                   0.00058491
trainer/Policy mu Max                                   0.00221213
trainer/Policy mu Min                                   1.31949e-05
trainer/Policy log std Mean                             4.21378e-05
trainer/Policy log std Std                              0.000645919
trainer/Policy log std Max                              0.000916166
trainer/Policy log std Min                             -0.00127692
trainer/Alpha                                           0.997005
trainer/Alpha Loss                                     -0
exploration/num steps total                          1100
exploration/num paths total                            55
exploration/path length Mean                           20
exploration/path length Std                             0
exploration/path length Max                            20
exploration/path length Min                            20
exploration/Rewards Mean                               -0.674579
exploration/Rewards Std                                 0.290019
exploration/Rewards Max                                -0.105313
exploration/Rewards Min                                -1.25229
exploration/Returns Mean                              -13.4916
exploration/Returns Std                                 1.35362
exploration/Returns Max                               -11.0651
exploration/Returns Min                               -14.8536
exploration/Actions Mean                                0.0632062
exploration/Actions Std                                 0.578647
exploration/Actions Max                                 0.98148
exploration/Actions Min                                -0.941187
exploration/Num Paths                                   5
exploration/Average Returns                           -13.4916
exploration/env_infos/final/reward_dist Mean            3.94634e-51
exploration/env_infos/final/reward_dist Std             7.89266e-51
exploration/env_infos/final/reward_dist Max             1.97317e-50
exploration/env_infos/final/reward_dist Min             4.19542e-102
exploration/env_infos/initial/reward_dist Mean          0.0344088
exploration/env_infos/initial/reward_dist Std           0.0428659
exploration/env_infos/initial/reward_dist Max           0.106806
exploration/env_infos/initial/reward_dist Min           9.56386e-05
exploration/env_infos/reward_dist Mean                  0.0187599
exploration/env_infos/reward_dist Std                   0.0898929
exploration/env_infos/reward_dist Max                   0.836662
exploration/env_infos/reward_dist Min                   4.19542e-102
exploration/env_infos/final/reward_energy Mean         -0.787813
exploration/env_infos/final/reward_energy Std           0.299654
exploration/env_infos/final/reward_energy Max          -0.19223
exploration/env_infos/final/reward_energy Min          -1.00022
exploration/env_infos/initial/reward_energy Mean       -0.87809
exploration/env_infos/initial/reward_energy Std         0.131384
exploration/env_infos/initial/reward_energy Max        -0.719892
exploration/env_infos/initial/reward_energy Min        -1.09336
exploration/env_infos/reward_energy Mean               -0.775129
exploration/env_infos/reward_energy Std                 0.277183
exploration/env_infos/reward_energy Max                -0.19223
exploration/env_infos/reward_energy Min                -1.25569
exploration/env_infos/final/reward_safety Mean          0
exploration/env_infos/final/reward_safety Std           0
exploration/env_infos/final/reward_safety Max           0
exploration/env_infos/final/reward_safety Min           0
exploration/env_infos/initial/reward_safety Mean        0
exploration/env_infos/initial/reward_safety Std         0
exploration/env_infos/initial/reward_safety Max         0
exploration/env_infos/initial/reward_safety Min         0
exploration/env_infos/reward_safety Mean                0
exploration/env_infos/reward_safety Std                 0
exploration/env_infos/reward_safety Max                 0
exploration/env_infos/reward_safety Min                 0
exploration/env_infos/final/end_effector_loc Mean       0.412974
exploration/env_infos/final/end_effector_loc Std        0.646101
exploration/env_infos/final/end_effector_loc Max        1
exploration/env_infos/final/end_effector_loc Min       -1
exploration/env_infos/initial/end_effector_loc Mean     0.0216553
exploration/env_infos/initial/end_effector_loc Std      0.022725
exploration/env_infos/initial/end_effector_loc Max      0.0471042
exploration/env_infos/initial/end_effector_loc Min     -0.0352084
exploration/env_infos/end_effector_loc Mean             0.273985
exploration/env_infos/end_effector_loc Std              0.485792
exploration/env_infos/end_effector_loc Max              1
exploration/env_infos/end_effector_loc Min             -1
evaluation/num steps total                           1000
evaluation/num paths total                             50
evaluation/path length Mean                            20
evaluation/path length Std                              0
evaluation/path length Max                             20
evaluation/path length Min                             20
evaluation/Rewards Mean                                -0.0780623
evaluation/Rewards Std                                  0.0473164
evaluation/Rewards Max                                  0.0425092
evaluation/Rewards Min                                 -0.150422
evaluation/Returns Mean                                -1.56125
evaluation/Returns Std                                  0.945244
evaluation/Returns Max                                  0.807234
evaluation/Returns Min                                 -2.97967
evaluation/Actions Mean                                 0.00098014
evaluation/Actions Std                                  0.000587866
evaluation/Actions Max                                  0.0020782
evaluation/Actions Min                                  0.000173299
evaluation/Num Paths                                   50
evaluation/Average Returns                             -1.56125
evaluation/env_infos/final/reward_dist Mean             0.00593428
evaluation/env_infos/final/reward_dist Std              0.00912983
evaluation/env_infos/final/reward_dist Max              0.0441983
evaluation/env_infos/final/reward_dist Min              5.15938e-07
evaluation/env_infos/initial/reward_dist Mean           0.00533279
evaluation/env_infos/initial/reward_dist Std            0.00750724
evaluation/env_infos/initial/reward_dist Max            0.02745
evaluation/env_infos/initial/reward_dist Min            9.54696e-07
evaluation/env_infos/reward_dist Mean                   0.00547818
evaluation/env_infos/reward_dist Std                    0.0078623
evaluation/env_infos/reward_dist Max                    0.0441983
evaluation/env_infos/reward_dist Min                    5.15938e-07
evaluation/env_infos/final/reward_energy Mean          -0.00163802
evaluation/env_infos/final/reward_energy Std            0.000251158
evaluation/env_infos/final/reward_energy Max           -0.00111856
evaluation/env_infos/final/reward_energy Min           -0.00210778
evaluation/env_infos/initial/reward_energy Mean        -0.00156036
evaluation/env_infos/initial/reward_energy Std          0.00021699
evaluation/env_infos/initial/reward_energy Max         -0.00111835
evaluation/env_infos/initial/reward_energy Min         -0.00196039
evaluation/env_infos/reward_energy Mean                -0.00159921
evaluation/env_infos/reward_energy Std                  0.000234643
evaluation/env_infos/reward_energy Max                 -0.00111835
evaluation/env_infos/reward_energy Min                 -0.00210778
evaluation/env_infos/final/reward_safety Mean           0
evaluation/env_infos/final/reward_safety Std            0
evaluation/env_infos/final/reward_safety Max            0
evaluation/env_infos/final/reward_safety Min            0
evaluation/env_infos/initial/reward_safety Mean         0
evaluation/env_infos/initial/reward_safety Std          0
evaluation/env_infos/initial/reward_safety Max          0
evaluation/env_infos/initial/reward_safety Min          0
evaluation/env_infos/reward_safety Mean                 0
evaluation/env_infos/reward_safety Std                  0
evaluation/env_infos/reward_safety Max                  0
evaluation/env_infos/reward_safety Min                  0
evaluation/env_infos/final/end_effector_loc Mean        0.0102276
evaluation/env_infos/final/end_effector_loc Std         0.00607673
evaluation/env_infos/final/end_effector_loc Max         0.0207555
evaluation/env_infos/final/end_effector_loc Min         0.00191566
evaluation/env_infos/initial/end_effector_loc Mean      4.80703e-05
evaluation/env_infos/initial/end_effector_loc Std       2.81336e-05
evaluation/env_infos/initial/end_effector_loc Max       9.61769e-05
evaluation/env_infos/initial/end_effector_loc Min       8.66496e-06
evaluation/env_infos/end_effector_loc Mean              0.00373819
evaluation/env_infos/end_effector_loc Std               0.0043006
evaluation/env_infos/end_effector_loc Max               0.0207555
evaluation/env_infos/end_effector_loc Min               8.66496e-06
time/data storing (s)                                   0.00299722
time/evaluation sampling (s)                            1.39765
time/exploration sampling (s)                           0.122225
time/logging (s)                                        0.0222268
time/saving (s)                                         0.0734678
time/training (s)                                      32.3707
time/epoch (s)                                         33.9893
time/total (s)                                         38.19
Epoch                                                   0
---------------------------------------------------  ---------------
